#
# There is insufficient memory for the Java Runtime Environment to continue.
# Native memory allocation (malloc) failed to allocate 1061696 bytes for Chunk::new
# Possible reasons:
#   The system is out of physical RAM or swap space
#   The process is running with CompressedOops enabled, and the Java Heap may be blocking the growth of the native heap
# Possible solutions:
#   Reduce memory load on the system
#   Increase physical memory or swap space
#   Check if swap backing store is full
#   Decrease Java heap size (-Xmx/-Xms)
#   Decrease number of Java threads
#   Decrease Java thread stack sizes (-Xss)
#   Set larger code cache with -XX:ReservedCodeCacheSize=
#   JVM is running with Zero Based Compressed Oops mode in which the Java heap is
#     placed in the first 32GB address space. The Java Heap base address is the
#     maximum limit for the native heap growth. Please use -XX:HeapBaseMinAddress
#     to set the Java Heap base and to place the Java Heap above 32GB virtual address.
# This output file may be truncated or incomplete.
#
#  Out of Memory Error (./open/src/hotspot/share/memory/arena.cpp:195), pid=5612, tid=9020
#
# JRE version: Java(TM) SE Runtime Environment (15.0.1+9) (build 15.0.1+9-18)
# Java VM: Java HotSpot(TM) 64-Bit Server VM (15.0.1+9-18, mixed mode, sharing, tiered, compressed oops, g1 gc, windows-amd64)
# No core dump will be written. Minidumps are not enabled by default on client versions of Windows
#

---------------  S U M M A R Y ------------

Command Line: --add-opens=java.base/java.util=ALL-UNNAMED --add-opens=java.base/java.lang=ALL-UNNAMED --add-opens=java.base/java.lang.invoke=ALL-UNNAMED --add-opens=java.base/java.util=ALL-UNNAMED --add-opens=java.prefs/java.util.prefs=ALL-UNNAMED --add-opens=java.prefs/java.util.prefs=ALL-UNNAMED --add-opens=java.base/java.nio.charset=ALL-UNNAMED --add-opens=java.base/java.net=ALL-UNNAMED --add-opens=java.base/java.util.concurrent.atomic=ALL-UNNAMED -Xmx4608m -Dfile.encoding=windows-1252 -Duser.country=US -Duser.language=en -Duser.variant org.gradle.launcher.daemon.bootstrap.GradleDaemon 7.3.3

Host: Intel(R) Core(TM) i5-9300H CPU @ 2.40GHz, 8 cores, 7G,  Windows 10 , 64 bit Build 19041 (10.0.19041.1806)
Time: Thu Jul 20 16:32:11 2023 SE Asia Standard Time elapsed time: 16.254097 seconds (0d 0h 0m 16s)

---------------  T H R E A D  ---------------

Current thread (0x000001eaae5f3d00):  JavaThread "C2 CompilerThread0" daemon [_thread_in_native, id=9020, stack(0x000000bc48700000,0x000000bc48800000)]


Current CompileTask:
C2:  16254 4952       4       jdk.internal.org.objectweb.asm.Frame::execute (2305 bytes)

Stack: [0x000000bc48700000,0x000000bc48800000]
Native frames: (J=compiled Java code, j=interpreted, Vv=VM code, C=native code)
V  [jvm.dll+0x62ae9a]
V  [jvm.dll+0x781389]
V  [jvm.dll+0x782ae3]
V  [jvm.dll+0x783143]
V  [jvm.dll+0x216265]
V  [jvm.dll+0x97efa]
V  [jvm.dll+0x985dc]
V  [jvm.dll+0x27a1bf]
V  [jvm.dll+0x5408d4]
V  [jvm.dll+0x1f3064]
V  [jvm.dll+0x1eca31]
V  [jvm.dll+0x1e97a7]
V  [jvm.dll+0x1784c7]
V  [jvm.dll+0x1f9165]
V  [jvm.dll+0x1f720c]
V  [jvm.dll+0x74485d]
V  [jvm.dll+0x73d65a]
V  [jvm.dll+0x629c56]
C  [ucrtbase.dll+0x21bb2]
C  [KERNEL32.DLL+0x17034]
C  [ntdll.dll+0x52651]


---------------  P R O C E S S  ---------------

Threads class SMR info:
_java_thread_list=0x000001eaafdca150, length=77, elements={
0x000001ea87c06b40, 0x000001eaae5d47e0, 0x000001eaae5d52c0, 0x000001eaae5f1de0,
0x000001eaae5f26a0, 0x000001eaae5f2f60, 0x000001eaae5f3d00, 0x000001eaae5f96e0,
0x000001eaae5fbff0, 0x000001eaaf033bf0, 0x000001eaaf054e90, 0x000001eab0104510,
0x000001eab0a494a0, 0x000001eab0c50d50, 0x000001eaaf295010, 0x000001eab068d240,
0x000001eab083c560, 0x000001eab083a3b0, 0x000001eab083b220, 0x000001eab0839540,
0x000001eab083ca30, 0x000001eab083bbc0, 0x000001eab0839a10, 0x000001eab083c090,
0x000001eab13008b0, 0x000001eab12fd890, 0x000001eab12fb210, 0x000001eab12ff570,
0x000001eab12fff10, 0x000001eab12f9ed0, 0x000001eab12fa3a0, 0x000001eab12fc080,
0x000001eab12fd3c0, 0x000001eab12fb6e0, 0x000001eab12fdd60, 0x000001eab12fca20,
0x000001eab2b42530, 0x000001eab2b45ef0, 0x000001eab2b42a00, 0x000001eab2b43d40,
0x000001eab2b44bb0, 0x000001eab2b433a0, 0x000001eab2b463c0, 0x000001eab2b48f10,
0x000001eab2b43870, 0x000001eab2b44210, 0x000001eab2b446e0, 0x000001eab2b46890,
0x000001eab2b45080, 0x000001eab2b47230, 0x000001eab2b498b0, 0x000001eab2b42060,
0x000001eab2b45550, 0x000001eab2b480a0, 0x000001eab2b45a20, 0x000001eab2b46d60,
0x000001eab2b42ed0, 0x000001eab2b47700, 0x000001eab2b47bd0, 0x000001eab2b48570,
0x000001eab2b48a40, 0x000001eab2b493e0, 0x000001eab0dfebc0, 0x000001eab0dff090,
0x000001eab0dfe220, 0x000001eab0dff560, 0x000001eab0dffa30, 0x000001eab0dfca10,
0x000001eab0dfe6f0, 0x000001eab0e003d0, 0x000001eab0dfd880, 0x000001eab0dfff00,
0x000001eab0df99f0, 0x000001eab0df9ec0, 0x000001eab0e008a0, 0x000001eab0dfbba0,
0x000001eab0dfc070
}

Java Threads: ( => current thread )
  0x000001ea87c06b40 JavaThread "main" [_thread_blocked, id=6852, stack(0x000000bc47b00000,0x000000bc47c00000)]
  0x000001eaae5d47e0 JavaThread "Reference Handler" daemon [_thread_blocked, id=19048, stack(0x000000bc48200000,0x000000bc48300000)]
  0x000001eaae5d52c0 JavaThread "Finalizer" daemon [_thread_blocked, id=9480, stack(0x000000bc48300000,0x000000bc48400000)]
  0x000001eaae5f1de0 JavaThread "Signal Dispatcher" daemon [_thread_blocked, id=18100, stack(0x000000bc48400000,0x000000bc48500000)]
  0x000001eaae5f26a0 JavaThread "Attach Listener" daemon [_thread_blocked, id=12936, stack(0x000000bc48500000,0x000000bc48600000)]
  0x000001eaae5f2f60 JavaThread "Service Thread" daemon [_thread_blocked, id=11216, stack(0x000000bc48600000,0x000000bc48700000)]
=>0x000001eaae5f3d00 JavaThread "C2 CompilerThread0" daemon [_thread_in_native, id=9020, stack(0x000000bc48700000,0x000000bc48800000)]
  0x000001eaae5f96e0 JavaThread "C1 CompilerThread0" daemon [_thread_blocked, id=6008, stack(0x000000bc48800000,0x000000bc48900000)]
  0x000001eaae5fbff0 JavaThread "Sweeper thread" daemon [_thread_blocked, id=17192, stack(0x000000bc48900000,0x000000bc48a00000)]
  0x000001eaaf033bf0 JavaThread "Common-Cleaner" daemon [_thread_blocked, id=4320, stack(0x000000bc48a00000,0x000000bc48b00000)]
  0x000001eaaf054e90 JavaThread "Notification Thread" daemon [_thread_blocked, id=13204, stack(0x000000bc48b00000,0x000000bc48c00000)]
  0x000001eab0104510 JavaThread "Daemon health stats" [_thread_blocked, id=14652, stack(0x000000bc49000000,0x000000bc49100000)]
  0x000001eab0a494a0 JavaThread "Incoming local TCP Connector on port 65355" [_thread_in_native, id=8392, stack(0x000000bc48d00000,0x000000bc48e00000)]
  0x000001eab0c50d50 JavaThread "Daemon periodic checks" [_thread_blocked, id=19956, stack(0x000000bc49100000,0x000000bc49200000)]
  0x000001eaaf295010 JavaThread "Daemon" [_thread_blocked, id=19548, stack(0x000000bc49200000,0x000000bc49300000)]
  0x000001eab068d240 JavaThread "Handler for socket connection from /127.0.0.1:65355 to /127.0.0.1:65356" [_thread_in_native, id=12628, stack(0x000000bc49300000,0x000000bc49400000)]
  0x000001eab083c560 JavaThread "Cancel handler" [_thread_blocked, id=17284, stack(0x000000bc49400000,0x000000bc49500000)]
  0x000001eab083a3b0 JavaThread "Daemon worker" [_thread_in_vm, id=18996, stack(0x000000bc49500000,0x000000bc49600000)]
  0x000001eab083b220 JavaThread "Asynchronous log dispatcher for DefaultDaemonConnection: socket connection from /127.0.0.1:65355 to /127.0.0.1:65356" [_thread_blocked, id=2700, stack(0x000000bc49600000,0x000000bc49700000)]
  0x000001eab0839540 JavaThread "Stdin handler" [_thread_blocked, id=17116, stack(0x000000bc49700000,0x000000bc49800000)]
  0x000001eab083ca30 JavaThread "Daemon client event forwarder" [_thread_blocked, id=12756, stack(0x000000bc49800000,0x000000bc49900000)]
  0x000001eab083bbc0 JavaThread "Cache worker for journal cache (C:\Users\ACER\.gradle\caches\journal-1)" [_thread_blocked, id=6056, stack(0x000000bc49f00000,0x000000bc4a000000)]
  0x000001eab0839a10 JavaThread "File lock request listener" [_thread_in_native, id=9484, stack(0x000000bc4a000000,0x000000bc4a100000)]
  0x000001eab083c090 JavaThread "Cache worker for file hash cache (C:\Users\ACER\.gradle\caches\7.3.3\fileHashes)" [_thread_blocked, id=10536, stack(0x000000bc49900000,0x000000bc49a00000)]
  0x000001eab13008b0 JavaThread "Cache worker for file hash cache (D:\Mobile Project\MusicApp\android\.gradle\7.3.3\fileHashes)" [_thread_blocked, id=13644, stack(0x000000bc4a100000,0x000000bc4a200000)]
  0x000001eab12fd890 JavaThread "File watcher server" daemon [_thread_in_native, id=20340, stack(0x000000bc4a200000,0x000000bc4a300000)]
  0x000001eab12fb210 JavaThread "File watcher consumer" daemon [_thread_blocked, id=9956, stack(0x000000bc4a300000,0x000000bc4a400000)]
  0x000001eab12ff570 JavaThread "Cache worker for checksums cache (D:\Mobile Project\MusicApp\android\.gradle\7.3.3\checksums)" [_thread_blocked, id=11724, stack(0x000000bc4a400000,0x000000bc4a500000)]
  0x000001eab12fff10 JavaThread "Cache worker for cache directory md-supplier (C:\Users\ACER\.gradle\caches\7.3.3\md-supplier)" [_thread_blocked, id=15440, stack(0x000000bc4a500000,0x000000bc4a600000)]
  0x000001eab12f9ed0 JavaThread "Cache worker for cache directory md-rule (C:\Users\ACER\.gradle\caches\7.3.3\md-rule)" [_thread_blocked, id=13988, stack(0x000000bc4a800000,0x000000bc4a900000)]
  0x000001eab12fa3a0 JavaThread "Cache worker for execution history cache (C:\Users\ACER\.gradle\caches\7.3.3\executionHistory)" [_thread_blocked, id=4432, stack(0x000000bc4a900000,0x000000bc4aa00000)]
  0x000001eab12fc080 JavaThread "jar transforms" [_thread_blocked, id=20332, stack(0x000000bc4aa00000,0x000000bc4ab00000)]
  0x000001eab12fd3c0 JavaThread "jar transforms Thread 2" [_thread_blocked, id=18916, stack(0x000000bc4ab00000,0x000000bc4ac00000)]
  0x000001eab12fb6e0 JavaThread "Cache worker for file content cache (C:\Users\ACER\.gradle\caches\7.3.3\fileContent)" [_thread_blocked, id=9292, stack(0x000000bc4ac00000,0x000000bc4ad00000)]
  0x000001eab12fdd60 JavaThread "jar transforms Thread 3" [_thread_blocked, id=8152, stack(0x000000bc4ad00000,0x000000bc4ae00000)]
  0x000001eab12fca20 JavaThread "jar transforms Thread 4" [_thread_blocked, id=9116, stack(0x000000bc4ae00000,0x000000bc4af00000)]
  0x000001eab2b42530 JavaThread "Cache worker for kotlin-dsl (C:\Users\ACER\.gradle\caches\7.3.3\kotlin-dsl)" [_thread_blocked, id=17596, stack(0x000000bc4a600000,0x000000bc4a700000)]
  0x000001eab2b45ef0 JavaThread "jar transforms Thread 5" [_thread_blocked, id=13560, stack(0x000000bc4af00000,0x000000bc4b000000)]
  0x000001eab2b42a00 JavaThread "jar transforms Thread 6" [_thread_blocked, id=11796, stack(0x000000bc4b000000,0x000000bc4b100000)]
  0x000001eab2b43d40 JavaThread "Cache worker for dependencies-accessors (D:\Mobile Project\MusicApp\android\.gradle\7.3.3\dependencies-accessors)" [_thread_blocked, id=3236, stack(0x000000bc4b100000,0x000000bc4b200000)]
  0x000001eab2b44bb0 JavaThread "Cache worker for Build Output Cleanup Cache (D:\Mobile Project\MusicApp\node_modules\react-native-gradle-plugin\.gradle\buildOutputCleanup)" [_thread_blocked, id=17852, stack(0x000000bc4b200000,0x000000bc4b300000)]
  0x000001eab2b433a0 JavaThread "jar transforms Thread 7" [_thread_blocked, id=8104, stack(0x000000bc4b300000,0x000000bc4b400000)]
  0x000001eab2b463c0 JavaThread "Unconstrained build operations" [_thread_blocked, id=3436, stack(0x000000bc4b400000,0x000000bc4b500000)]
  0x000001eab2b48f10 JavaThread "Unconstrained build operations Thread 2" [_thread_blocked, id=3136, stack(0x000000bc4b500000,0x000000bc4b600000)]
  0x000001eab2b43870 JavaThread "Unconstrained build operations Thread 3" [_thread_blocked, id=17256, stack(0x000000bc4b600000,0x000000bc4b700000)]
  0x000001eab2b44210 JavaThread "Unconstrained build operations Thread 4" [_thread_blocked, id=8228, stack(0x000000bc4b700000,0x000000bc4b800000)]
  0x000001eab2b446e0 JavaThread "Unconstrained build operations Thread 5" [_thread_blocked, id=15032, stack(0x000000bc4b800000,0x000000bc4b900000)]
  0x000001eab2b46890 JavaThread "Unconstrained build operations Thread 6" [_thread_blocked, id=19608, stack(0x000000bc4b900000,0x000000bc4ba00000)]
  0x000001eab2b45080 JavaThread "Unconstrained build operations Thread 7" [_thread_blocked, id=16552, stack(0x000000bc4ba00000,0x000000bc4bb00000)]
  0x000001eab2b47230 JavaThread "Unconstrained build operations Thread 8" [_thread_blocked, id=17356, stack(0x000000bc4bb00000,0x000000bc4bc00000)]
  0x000001eab2b498b0 JavaThread "Unconstrained build operations Thread 9" [_thread_blocked, id=15648, stack(0x000000bc4bc00000,0x000000bc4bd00000)]
  0x000001eab2b42060 JavaThread "Unconstrained build operations Thread 10" [_thread_blocked, id=14140, stack(0x000000bc4bd00000,0x000000bc4be00000)]
  0x000001eab2b45550 JavaThread "Unconstrained build operations Thread 11" [_thread_blocked, id=8596, stack(0x000000bc4be00000,0x000000bc4bf00000)]
  0x000001eab2b480a0 JavaThread "Unconstrained build operations Thread 12" [_thread_blocked, id=17588, stack(0x000000bc4bf00000,0x000000bc4c000000)]
  0x000001eab2b45a20 JavaThread "Unconstrained build operations Thread 13" [_thread_blocked, id=14552, stack(0x000000bc4c000000,0x000000bc4c100000)]
  0x000001eab2b46d60 JavaThread "Unconstrained build operations Thread 14" [_thread_blocked, id=16540, stack(0x000000bc4c100000,0x000000bc4c200000)]
  0x000001eab2b42ed0 JavaThread "Unconstrained build operations Thread 15" [_thread_blocked, id=488, stack(0x000000bc4c200000,0x000000bc4c300000)]
  0x000001eab2b47700 JavaThread "Unconstrained build operations Thread 16" [_thread_blocked, id=1092, stack(0x000000bc4c300000,0x000000bc4c400000)]
  0x000001eab2b47bd0 JavaThread "Unconstrained build operations Thread 17" [_thread_blocked, id=20216, stack(0x000000bc4c400000,0x000000bc4c500000)]
  0x000001eab2b48570 JavaThread "Unconstrained build operations Thread 18" [_thread_blocked, id=5392, stack(0x000000bc4c500000,0x000000bc4c600000)]
  0x000001eab2b48a40 JavaThread "Unconstrained build operations Thread 19" [_thread_blocked, id=7368, stack(0x000000bc4c600000,0x000000bc4c700000)]
  0x000001eab2b493e0 JavaThread "Unconstrained build operations Thread 20" [_thread_blocked, id=17340, stack(0x000000bc4c700000,0x000000bc4c800000)]
  0x000001eab0dfebc0 JavaThread "Unconstrained build operations Thread 21" [_thread_blocked, id=16472, stack(0x000000bc4c800000,0x000000bc4c900000)]
  0x000001eab0dff090 JavaThread "Unconstrained build operations Thread 22" [_thread_blocked, id=7116, stack(0x000000bc4c900000,0x000000bc4ca00000)]
  0x000001eab0dfe220 JavaThread "Unconstrained build operations Thread 23" [_thread_blocked, id=17572, stack(0x000000bc4ca00000,0x000000bc4cb00000)]
  0x000001eab0dff560 JavaThread "Unconstrained build operations Thread 24" [_thread_blocked, id=19552, stack(0x000000bc4cb00000,0x000000bc4cc00000)]
  0x000001eab0dffa30 JavaThread "Unconstrained build operations Thread 25" [_thread_blocked, id=5268, stack(0x000000bc4cc00000,0x000000bc4cd00000)]
  0x000001eab0dfca10 JavaThread "Unconstrained build operations Thread 26" [_thread_blocked, id=15564, stack(0x000000bc4cd00000,0x000000bc4ce00000)]
  0x000001eab0dfe6f0 JavaThread "Unconstrained build operations Thread 27" [_thread_blocked, id=15364, stack(0x000000bc4ce00000,0x000000bc4cf00000)]
  0x000001eab0e003d0 JavaThread "Unconstrained build operations Thread 28" [_thread_blocked, id=7744, stack(0x000000bc4cf00000,0x000000bc4d000000)]
  0x000001eab0dfd880 JavaThread "Unconstrained build operations Thread 29" [_thread_blocked, id=13992, stack(0x000000bc4d000000,0x000000bc4d100000)]
  0x000001eab0dfff00 JavaThread "Unconstrained build operations Thread 30" [_thread_blocked, id=18024, stack(0x000000bc4d100000,0x000000bc4d200000)]
  0x000001eab0df99f0 JavaThread "Unconstrained build operations Thread 31" [_thread_blocked, id=11428, stack(0x000000bc4d200000,0x000000bc4d300000)]
  0x000001eab0df9ec0 JavaThread "Unconstrained build operations Thread 32" [_thread_blocked, id=3936, stack(0x000000bc4d300000,0x000000bc4d400000)]
  0x000001eab0e008a0 JavaThread "Unconstrained build operations Thread 33" [_thread_blocked, id=20032, stack(0x000000bc4d400000,0x000000bc4d500000)]
  0x000001eab0dfbba0 JavaThread "jar transforms Thread 8" [_thread_blocked, id=16412, stack(0x000000bc4d500000,0x000000bc4d600000)]
  0x000001eab0dfc070 JavaThread "build event listener" [_thread_blocked, id=8156, stack(0x000000bc4d600000,0x000000bc4d700000)]

Other Threads:
  0x000001eaae5d0c40 VMThread "VM Thread" [stack: 0x000000bc48100000,0x000000bc48200000] [id=11116]
  0x000001eaaf055360 WatcherThread [stack: 0x000000bc48c00000,0x000000bc48d00000] [id=12412]
  0x000001ea87c53540 GCTaskThread "GC Thread#0" [stack: 0x000000bc47c00000,0x000000bc47d00000] [id=14372]
  0x000001eaaf224500 GCTaskThread "GC Thread#1" [stack: 0x000000bc48e00000,0x000000bc48f00000] [id=18620]
  0x000001eaaf222b80 GCTaskThread "GC Thread#2" [stack: 0x000000bc48f00000,0x000000bc49000000] [id=5772]
  0x000001eaaf2221f0 GCTaskThread "GC Thread#3" [stack: 0x000000bc49a00000,0x000000bc49b00000] [id=19816]
  0x000001eaaf223b70 GCTaskThread "GC Thread#4" [stack: 0x000000bc49b00000,0x000000bc49c00000] [id=7176]
  0x000001eaaf222850 GCTaskThread "GC Thread#5" [stack: 0x000000bc49c00000,0x000000bc49d00000] [id=4240]
  0x000001eaaf225820 GCTaskThread "GC Thread#6" [stack: 0x000000bc49d00000,0x000000bc49e00000] [id=16000]
  0x000001eaaf223840 GCTaskThread "GC Thread#7" [stack: 0x000000bc49e00000,0x000000bc49f00000] [id=1328]
  0x000001ea87c5e2f0 ConcurrentGCThread "G1 Main Marker" [stack: 0x000000bc47d00000,0x000000bc47e00000] [id=11988]
  0x000001ea87c5f2d0 ConcurrentGCThread "G1 Conc#0" [stack: 0x000000bc47e00000,0x000000bc47f00000] [id=7636]
  0x000001eab2f39c10 ConcurrentGCThread "G1 Conc#1" [stack: 0x000000bc4a700000,0x000000bc4a800000] [id=11472]
  0x000001ea87cca060 ConcurrentGCThread "G1 Refine#0" [stack: 0x000000bc47f00000,0x000000bc48000000] [id=14072]
  0x000001ea87cca8b0 ConcurrentGCThread "G1 Young RemSet Sampling" [stack: 0x000000bc48000000,0x000000bc48100000] [id=20404]

Threads with active compile tasks:
C2 CompilerThread0    16287 4952       4       jdk.internal.org.objectweb.asm.Frame::execute (2305 bytes)
C1 CompilerThread0    16287 5000       3       com.google.common.collect.MapMakerInternalMap$StrongKeyWeakValueEntry$Helper::newEntry (16 bytes)

VM state: not at safepoint (normal execution)

VM Mutex/Monitor currently owned by a thread: None

Heap address: 0x00000006e0000000, size: 4608 MB, Compressed Oops mode: Zero based, Oop shift amount: 3
CDS archive(s) mapped at: [0x0000000800000000-0x0000000800b50000-0x0000000800b50000), size 11862016, SharedBaseAddress: 0x0000000800000000, ArchiveRelocationMode: 0.
Compressed class space mapped at: 0x0000000800b50000-0x0000000840b50000, size: 1073741824
Narrow klass base: 0x0000000800000000, Narrow klass shift: 3, Narrow klass range: 0x100000000

GC Precious Log:
 CPUs: 8 total, 8 available
 Memory: 8034M
 Large Page Support: Disabled
 NUMA Support: Disabled
 Compressed Oops: Enabled (Zero based)
 Heap Region Size: 4M
 Heap Min Capacity: 8M
 Heap Initial Capacity: 128M
 Heap Max Capacity: 4608M
 Pre-touch: Disabled
 Parallel Workers: 8
 Concurrent Workers: 2
 Concurrent Refinement Workers: 8
 Periodic GC: Disabled

Heap:
 garbage-first heap   total 98304K, used 59267K [0x00000006e0000000, 0x0000000800000000)
  region size 4096K, 7 young (28672K), 2 survivors (8192K)
 Metaspace       used 44713K, capacity 45477K, committed 45696K, reserved 1089536K
  class space    used 5970K, capacity 6251K, committed 6272K, reserved 1048576K

Heap Regions: E=young(eden), S=young(survivor), O=old, HS=humongous(starts), HC=humongous(continues), CS=collection set, F=free, OA=open archive, CA=closed archive, TAMS=top-at-mark-start (previous, next)
|   0|0x00000006e0000000, 0x00000006e0400000, 0x00000006e0400000|100%| O|  |TAMS 0x00000006e0400000, 0x00000006e0000000| Untracked 
|   1|0x00000006e0400000, 0x00000006e0800000, 0x00000006e0800000|100%|HS|  |TAMS 0x00000006e0800000, 0x00000006e0400000| Complete 
|   2|0x00000006e0800000, 0x00000006e0c00000, 0x00000006e0c00000|100%| O|  |TAMS 0x00000006e0c00000, 0x00000006e0800000| Untracked 
|   3|0x00000006e0c00000, 0x00000006e1000000, 0x00000006e1000000|100%| O|  |TAMS 0x00000006e1000000, 0x00000006e0c00000| Untracked 
|   4|0x00000006e1000000, 0x00000006e109da00, 0x00000006e1400000| 15%| O|  |TAMS 0x00000006e109da00, 0x00000006e1000000| Untracked 
|   5|0x00000006e1400000, 0x00000006e1800000, 0x00000006e1800000|100%| O|  |TAMS 0x00000006e1800000, 0x00000006e1400000| Untracked 
|   6|0x00000006e1800000, 0x00000006e1c00000, 0x00000006e1c00000|100%| O|  |TAMS 0x00000006e1c00000, 0x00000006e1800000| Untracked 
|   7|0x00000006e1c00000, 0x00000006e2000000, 0x00000006e2000000|100%| O|  |TAMS 0x00000006e1c20e00, 0x00000006e1c00000| Untracked 
|   8|0x00000006e2000000, 0x00000006e2400000, 0x00000006e2400000|100%|HS|  |TAMS 0x00000006e2000000, 0x00000006e2000000| Complete 
|   9|0x00000006e2400000, 0x00000006e25b6600, 0x00000006e2800000| 42%| O|  |TAMS 0x00000006e2400000, 0x00000006e2400000| Untracked 
|  10|0x00000006e2800000, 0x00000006e2800000, 0x00000006e2c00000|  0%| F|  |TAMS 0x00000006e2800000, 0x00000006e2800000| Untracked 
|  11|0x00000006e2c00000, 0x00000006e2c00000, 0x00000006e3000000|  0%| F|  |TAMS 0x00000006e2c00000, 0x00000006e2c00000| Untracked 
|  12|0x00000006e3000000, 0x00000006e3000000, 0x00000006e3400000|  0%| F|  |TAMS 0x00000006e3000000, 0x00000006e3000000| Untracked 
|  13|0x00000006e3400000, 0x00000006e3400000, 0x00000006e3800000|  0%| F|  |TAMS 0x00000006e3400000, 0x00000006e3400000| Untracked 
|  14|0x00000006e3800000, 0x00000006e3b8ce68, 0x00000006e3c00000| 88%| S|CS|TAMS 0x00000006e3800000, 0x00000006e3800000| Complete 
|  15|0x00000006e3c00000, 0x00000006e4000000, 0x00000006e4000000|100%| S|CS|TAMS 0x00000006e3c00000, 0x00000006e3c00000| Complete 
|  16|0x00000006e4000000, 0x00000006e4000000, 0x00000006e4400000|  0%| F|  |TAMS 0x00000006e4000000, 0x00000006e4000000| Untracked 
|  17|0x00000006e4400000, 0x00000006e4400000, 0x00000006e4800000|  0%| F|  |TAMS 0x00000006e4400000, 0x00000006e4400000| Untracked 
|  18|0x00000006e4800000, 0x00000006e4800000, 0x00000006e4c00000|  0%| F|  |TAMS 0x00000006e4800000, 0x00000006e4800000| Untracked 
|  19|0x00000006e4c00000, 0x00000006e4dad9f0, 0x00000006e5000000| 41%| E|  |TAMS 0x00000006e4c00000, 0x00000006e4c00000| Complete 
|  20|0x00000006e5000000, 0x00000006e5400000, 0x00000006e5400000|100%| E|CS|TAMS 0x00000006e5000000, 0x00000006e5000000| Complete 
|  21|0x00000006e5400000, 0x00000006e5800000, 0x00000006e5800000|100%| E|CS|TAMS 0x00000006e5400000, 0x00000006e5400000| Complete 
|  29|0x00000006e7400000, 0x00000006e7800000, 0x00000006e7800000|100%| E|CS|TAMS 0x00000006e7400000, 0x00000006e7400000| Complete 
|  31|0x00000006e7c00000, 0x00000006e8000000, 0x00000006e8000000|100%| E|CS|TAMS 0x00000006e7c00000, 0x00000006e7c00000| Complete 

Card table byte_map: [0x000001eaa1990000,0x000001eaa2290000] _byte_map_base: 0x000001ea9e290000

Marking Bits (Prev, Next): (CMBitMap*) 0x000001ea87c53980, (CMBitMap*) 0x000001ea87c539c0
 Prev Bits: [0x000001eaa2b90000, 0x000001eaa7390000)
 Next Bits: [0x000001eaa7390000, 0x000001eaabb90000)

Polling page: 0x000001ea87ce0000

Metaspace:

Usage:
  Non-class:     38.31 MB capacity,    37.84 MB ( 99%) used,   404.62 KB (  1%) free+waste,    72.25 KB ( <1%) overhead. 
      Class:      6.10 MB capacity,     5.83 MB ( 96%) used,   250.13 KB (  4%) free+waste,    30.19 KB ( <1%) overhead. 
       Both:     44.41 MB capacity,    43.67 MB ( 98%) used,   654.76 KB (  1%) free+waste,   102.44 KB ( <1%) overhead. 

Virtual space:
  Non-class space:       40.00 MB reserved,      38.50 MB ( 96%) committed 
      Class space:        1.00 GB reserved,       6.12 MB ( <1%) committed 
             Both:        1.04 GB reserved,      44.62 MB (  4%) committed 

Chunk freelists:
   Non-Class:  6.00 KB
       Class:  21.00 KB
        Both:  27.00 KB

MaxMetaspaceSize: 17179869184.00 GB
CompressedClassSpaceSize: 1.00 GB

CodeHeap 'non-profiled nmethods': size=120000Kb used=2584Kb max_used=2584Kb free=117415Kb
 bounds [0x000001ea99100000, 0x000001ea99390000, 0x000001eaa0630000]
CodeHeap 'profiled nmethods': size=120000Kb used=10037Kb max_used=10037Kb free=109962Kb
 bounds [0x000001ea91bd0000, 0x000001ea925a0000, 0x000001ea99100000]
CodeHeap 'non-nmethods': size=5760Kb used=2344Kb max_used=2446Kb free=3415Kb
 bounds [0x000001ea91630000, 0x000001ea918d0000, 0x000001ea91bd0000]
 total_blobs=5787 nmethods=4963 adapters=736
 compilation: enabled
              stopped_count=0, restarted_count=0
 full_count=0

Compilation events (20 events):
Event: 16.221 Thread 0x000001eaae5f96e0 4970       3       org.objectweb.asm.SymbolTable::addConstantUtf8 (98 bytes)
Event: 16.221 Thread 0x000001eaae5f96e0 nmethod 4970 0x000001ea92580190 code [0x000001ea925803a0, 0x000001ea92580978]
Event: 16.222 Thread 0x000001eaae5f96e0 4971       3       org.gradle.internal.classloader.FilteringClassLoader::classAllowed (80 bytes)
Event: 16.222 Thread 0x000001eaae5f96e0 nmethod 4971 0x000001ea92580c90 code [0x000001ea92580ee0, 0x000001ea92581898]
Event: 16.223 Thread 0x000001eaae5f96e0 4972       3       java.util.TimSort::sort (229 bytes)
Event: 16.223 Thread 0x000001eaae5f96e0 nmethod 4972 0x000001ea92581c10 code [0x000001ea92581e40, 0x000001ea92582538]
Event: 16.224 Thread 0x000001eaae5f96e0 4974       3       org.objectweb.asm.Frame::execute (2318 bytes)
Event: 16.227 Thread 0x000001eaae5f96e0 nmethod 4974 0x000001ea92582910 code [0x000001ea92583660, 0x000001ea92589c58]
Event: 16.228 Thread 0x000001eaae5f96e0 4979       3       com.google.common.collect.MapMakerInternalMap$WeakValueReferenceImpl::<init> (12 bytes)
Event: 16.228 Thread 0x000001eaae5f96e0 nmethod 4979 0x000001ea9258b890 code [0x000001ea9258ba40, 0x000001ea9258bdd8]
Event: 16.231 Thread 0x000001eaae5f96e0 4981       3       java.lang.reflect.Proxy$ProxyBuilder::getElementType (19 bytes)
Event: 16.231 Thread 0x000001eaae5f96e0 nmethod 4981 0x000001ea9258bf10 code [0x000001ea9258c0e0, 0x000001ea9258c398]
Event: 16.231 Thread 0x000001eaae5f96e0 4982       3       jdk.internal.org.objectweb.asm.SymbolTable::addUninitializedType (103 bytes)
Event: 16.231 Thread 0x000001eaae5f96e0 nmethod 4982 0x000001ea9258c510 code [0x000001ea9258c700, 0x000001ea9258cc98]
Event: 16.231 Thread 0x000001eaae5f96e0 4980       3       java.lang.reflect.Proxy$ProxyBuilder::addElementType (19 bytes)
Event: 16.232 Thread 0x000001eaae5f96e0 nmethod 4980 0x000001ea9258cf90 code [0x000001ea9258d180, 0x000001ea9258d728]
Event: 16.233 Thread 0x000001eaae5f96e0 4983       3       com.google.common.collect.RegularImmutableSet::size (6 bytes)
Event: 16.233 Thread 0x000001eaae5f96e0 nmethod 4983 0x000001ea9258d910 code [0x000001ea9258daa0, 0x000001ea9258dbb8]
Event: 16.233 Thread 0x000001eaae5f96e0 4984       3       org.objectweb.asm.ByteVector::putUTF8 (144 bytes)
Event: 16.234 Thread 0x000001eaae5f96e0 nmethod 4984 0x000001ea9258dc90 code [0x000001ea9258df00, 0x000001ea9258ea48]

GC Heap History (20 events):
Event: 0.906 GC heap before
{Heap before GC invocations=1 (full 0):
 garbage-first heap   total 131072K, used 26270K [0x00000006e0000000, 0x0000000800000000)
  region size 4096K, 5 young (20480K), 1 survivors (4096K)
 Metaspace       used 4178K, capacity 6665K, committed 7040K, reserved 1056768K
  class space    used 506K, capacity 771K, committed 896K, reserved 1048576K
}
Event: 0.910 GC heap after
{Heap after GC invocations=2 (full 0):
 garbage-first heap   total 131072K, used 10769K [0x00000006e0000000, 0x0000000800000000)
  region size 4096K, 1 young (4096K), 1 survivors (4096K)
 Metaspace       used 4178K, capacity 6665K, committed 7040K, reserved 1056768K
  class space    used 506K, capacity 771K, committed 896K, reserved 1048576K
}
Event: 2.450 GC heap before
{Heap before GC invocations=2 (full 0):
 garbage-first heap   total 131072K, used 59921K [0x00000006e0000000, 0x0000000800000000)
  region size 4096K, 13 young (53248K), 1 survivors (4096K)
 Metaspace       used 9682K, capacity 9964K, committed 10112K, reserved 1058816K
  class space    used 1307K, capacity 1375K, committed 1408K, reserved 1048576K
}
Event: 2.455 GC heap after
{Heap after GC invocations=3 (full 0):
 garbage-first heap   total 131072K, used 17190K [0x00000006e0000000, 0x0000000800000000)
  region size 4096K, 2 young (8192K), 2 survivors (8192K)
 Metaspace       used 9682K, capacity 9964K, committed 10112K, reserved 1058816K
  class space    used 1307K, capacity 1375K, committed 1408K, reserved 1048576K
}
Event: 3.566 GC heap before
{Heap before GC invocations=3 (full 0):
 garbage-first heap   total 131072K, used 78630K [0x00000006e0000000, 0x0000000800000000)
  region size 4096K, 17 young (69632K), 2 survivors (8192K)
 Metaspace       used 19611K, capacity 20002K, committed 20096K, reserved 1067008K
  class space    used 2788K, capacity 2929K, committed 2944K, reserved 1048576K
}
Event: 3.572 GC heap after
{Heap after GC invocations=4 (full 0):
 garbage-first heap   total 131072K, used 20578K [0x00000006e0000000, 0x0000000800000000)
  region size 4096K, 1 young (4096K), 1 survivors (4096K)
 Metaspace       used 19611K, capacity 20002K, committed 20096K, reserved 1067008K
  class space    used 2788K, capacity 2929K, committed 2944K, reserved 1048576K
}
Event: 3.733 GC heap before
{Heap before GC invocations=4 (full 0):
 garbage-first heap   total 131072K, used 24674K [0x00000006e0000000, 0x0000000800000000)
  region size 4096K, 3 young (12288K), 1 survivors (4096K)
 Metaspace       used 20645K, capacity 21090K, committed 21248K, reserved 1067008K
  class space    used 2941K, capacity 3057K, committed 3072K, reserved 1048576K
}
Event: 3.736 GC heap after
{Heap after GC invocations=5 (full 0):
 garbage-first heap   total 131072K, used 20905K [0x00000006e0000000, 0x0000000800000000)
  region size 4096K, 1 young (4096K), 1 survivors (4096K)
 Metaspace       used 20645K, capacity 21090K, committed 21248K, reserved 1067008K
  class space    used 2941K, capacity 3057K, committed 3072K, reserved 1048576K
}
Event: 4.562 GC heap before
{Heap before GC invocations=6 (full 0):
 garbage-first heap   total 98304K, used 70057K [0x00000006e0000000, 0x0000000800000000)
  region size 4096K, 14 young (57344K), 1 survivors (4096K)
 Metaspace       used 28513K, capacity 28982K, committed 29184K, reserved 1075200K
  class space    used 3872K, capacity 4004K, committed 4096K, reserved 1048576K
}
Event: 4.570 GC heap after
{Heap after GC invocations=7 (full 0):
 garbage-first heap   total 98304K, used 26147K [0x00000006e0000000, 0x0000000800000000)
  region size 4096K, 2 young (8192K), 2 survivors (8192K)
 Metaspace       used 28513K, capacity 28982K, committed 29184K, reserved 1075200K
  class space    used 3872K, capacity 4004K, committed 4096K, reserved 1048576K
}
Event: 6.043 GC heap before
{Heap before GC invocations=7 (full 0):
 garbage-first heap   total 98304K, used 58915K [0x00000006e0000000, 0x0000000800000000)
  region size 4096K, 11 young (45056K), 2 survivors (8192K)
 Metaspace       used 31822K, capacity 32403K, committed 32640K, reserved 1077248K
  class space    used 4236K, capacity 4394K, committed 4480K, reserved 1048576K
}
Event: 6.050 GC heap after
{Heap after GC invocations=8 (full 0):
 garbage-first heap   total 98304K, used 28981K [0x00000006e0000000, 0x0000000800000000)
  region size 4096K, 1 young (4096K), 1 survivors (4096K)
 Metaspace       used 31822K, capacity 32403K, committed 32640K, reserved 1077248K
  class space    used 4236K, capacity 4394K, committed 4480K, reserved 1048576K
}
Event: 14.524 GC heap before
{Heap before GC invocations=8 (full 0):
 garbage-first heap   total 98304K, used 61749K [0x00000006e0000000, 0x0000000800000000)
  region size 4096K, 9 young (36864K), 1 survivors (4096K)
 Metaspace       used 34770K, capacity 35515K, committed 35584K, reserved 1079296K
  class space    used 4546K, capacity 4803K, committed 4864K, reserved 1048576K
}
Event: 14.528 GC heap after
{Heap after GC invocations=9 (full 0):
 garbage-first heap   total 98304K, used 31334K [0x00000006e0000000, 0x0000000800000000)
  region size 4096K, 2 young (8192K), 2 survivors (8192K)
 Metaspace       used 34770K, capacity 35515K, committed 35584K, reserved 1079296K
  class space    used 4546K, capacity 4803K, committed 4864K, reserved 1048576K
}
Event: 14.537 GC heap before
{Heap before GC invocations=9 (full 0):
 garbage-first heap   total 98304K, used 31334K [0x00000006e0000000, 0x0000000800000000)
  region size 4096K, 3 young (12288K), 2 survivors (8192K)
 Metaspace       used 34831K, capacity 35515K, committed 35584K, reserved 1079296K
  class space    used 4560K, capacity 4803K, committed 4864K, reserved 1048576K
}
Event: 14.541 GC heap after
{Heap after GC invocations=10 (full 0):
 garbage-first heap   total 98304K, used 31475K [0x00000006e0000000, 0x0000000800000000)
  region size 4096K, 1 young (4096K), 1 survivors (4096K)
 Metaspace       used 34831K, capacity 35515K, committed 35584K, reserved 1079296K
  class space    used 4560K, capacity 4803K, committed 4864K, reserved 1048576K
}
Event: 15.170 GC heap before
{Heap before GC invocations=11 (full 0):
 garbage-first heap   total 98304K, used 68339K [0x00000006e0000000, 0x0000000800000000)
  region size 4096K, 10 young (40960K), 1 survivors (4096K)
 Metaspace       used 39041K, capacity 39815K, committed 39936K, reserved 1083392K
  class space    used 5235K, capacity 5519K, committed 5632K, reserved 1048576K
}
Event: 15.174 GC heap after
{Heap after GC invocations=12 (full 0):
 garbage-first heap   total 98304K, used 33698K [0x00000006e0000000, 0x0000000800000000)
  region size 4096K, 2 young (8192K), 2 survivors (8192K)
 Metaspace       used 39041K, capacity 39815K, committed 39936K, reserved 1083392K
  class space    used 5235K, capacity 5519K, committed 5632K, reserved 1048576K
}
Event: 15.924 GC heap before
{Heap before GC invocations=12 (full 0):
 garbage-first heap   total 98304K, used 70562K [0x00000006e0000000, 0x0000000800000000)
  region size 4096K, 10 young (40960K), 2 survivors (8192K)
 Metaspace       used 41798K, capacity 42639K, committed 42752K, reserved 1085440K
  class space    used 5589K, capacity 5884K, committed 5888K, reserved 1048576K
}
Event: 15.933 GC heap after
{Heap after GC invocations=13 (full 0):
 garbage-first heap   total 98304K, used 42883K [0x00000006e0000000, 0x0000000800000000)
  region size 4096K, 2 young (8192K), 2 survivors (8192K)
 Metaspace       used 41798K, capacity 42639K, committed 42752K, reserved 1085440K
  class space    used 5589K, capacity 5884K, committed 5888K, reserved 1048576K
}

Deoptimization events (20 events):
Event: 16.101 Thread 0x000001eab083a3b0 Uncommon trap: trap_request=0xffffff76 fr.pc=0x000001ea992c67a4 relative=0x0000000000000584
Event: 16.101 Thread 0x000001eab083a3b0 Uncommon trap: reason=predicate action=maybe_recompile pc=0x000001ea992c67a4 method=java.util.AbstractCollection.addAll(Ljava/util/Collection;)Z @ 15 c2
Event: 16.101 Thread 0x000001eab083a3b0 DEOPT PACKING pc=0x000001ea992c67a4 sp=0x000000bc495f7340
Event: 16.101 Thread 0x000001eab083a3b0 DEOPT UNPACKING pc=0x000001ea9167e42f sp=0x000000bc495f72e8 mode 2
Event: 16.218 Thread 0x000001eab083a3b0 Uncommon trap: trap_request=0xffffff45 fr.pc=0x000001ea9923b3c0 relative=0x0000000000000a00
Event: 16.218 Thread 0x000001eab083a3b0 Uncommon trap: reason=unstable_if action=reinterpret pc=0x000001ea9923b3c0 method=java.lang.Integer.stringSize(I)I @ 19 c2
Event: 16.218 Thread 0x000001eab083a3b0 DEOPT PACKING pc=0x000001ea9923b3c0 sp=0x000000bc495f8510
Event: 16.218 Thread 0x000001eab083a3b0 DEOPT UNPACKING pc=0x000001ea9167e42f sp=0x000000bc495f8410 mode 2
Event: 16.220 Thread 0x000001eab083a3b0 Uncommon trap: trap_request=0xffffff3d fr.pc=0x000001ea993217fc relative=0x0000000000000e7c
Event: 16.220 Thread 0x000001eab083a3b0 Uncommon trap: reason=unstable_fused_if action=reinterpret pc=0x000001ea993217fc method=org.objectweb.asm.ByteVector.putUTF8(Ljava/lang/String;)Lorg/objectweb/asm/ByteVector; @ 93 c2
Event: 16.221 Thread 0x000001eab083a3b0 DEOPT PACKING pc=0x000001ea993217fc sp=0x000000bc495f79b0
Event: 16.221 Thread 0x000001eab083a3b0 DEOPT UNPACKING pc=0x000001ea9167e42f sp=0x000000bc495f7908 mode 2
Event: 16.221 Thread 0x000001eab083a3b0 Uncommon trap: trap_request=0xffffff45 fr.pc=0x000001ea9932b6f8 relative=0x00000000000064b8
Event: 16.221 Thread 0x000001eab083a3b0 Uncommon trap: reason=unstable_if action=reinterpret pc=0x000001ea9932b6f8 method=org.objectweb.asm.Frame.execute(IILorg/objectweb/asm/Symbol;Lorg/objectweb/asm/SymbolTable;)V @ 1 c2
Event: 16.221 Thread 0x000001eab083a3b0 DEOPT PACKING pc=0x000001ea9932b6f8 sp=0x000000bc495f7b90
Event: 16.221 Thread 0x000001eab083a3b0 DEOPT UNPACKING pc=0x000001ea9167e42f sp=0x000000bc495f7b38 mode 2
Event: 16.233 Thread 0x000001eab083a3b0 Uncommon trap: trap_request=0xffffff3d fr.pc=0x000001ea992395f4 relative=0x0000000000000234
Event: 16.233 Thread 0x000001eab083a3b0 Uncommon trap: reason=unstable_fused_if action=reinterpret pc=0x000001ea992395f4 method=org.objectweb.asm.ByteVector.putUTF8(Ljava/lang/String;)Lorg/objectweb/asm/ByteVector; @ 93 c2
Event: 16.233 Thread 0x000001eab083a3b0 DEOPT PACKING pc=0x000001ea992395f4 sp=0x000000bc495f7710
Event: 16.233 Thread 0x000001eab083a3b0 DEOPT UNPACKING pc=0x000001ea9167e42f sp=0x000000bc495f7690 mode 2

Classes unloaded (0 events):
No events

Classes redefined (0 events):
No events

Internal exceptions (20 events):
Event: 15.381 Thread 0x000001eab083a3b0 Exception <a 'java/lang/NoSuchMethodError'{0x00000006e513aeb8}: 'void java.lang.invoke.DirectMethodHandle$Holder.invokeStatic(java.lang.Object, java.lang.Object, java.lang.Object, int, java.lang.Object)'> (0x00000006e513aeb8) 
thrown [./open/src/hotspot/share/interpreter/linkResolver.cpp, line 782]
Event: 15.902 Thread 0x000001eab083a3b0 Exception <a 'java/lang/ClassNotFoundException'{0x00000006e42d1ec0}: org/gradle/api/internal/project/DefaultProject_DecoratedBeanInfo> (0x00000006e42d1ec0) 
thrown [./open/src/hotspot/share/classfile/systemDictionary.cpp, line 295]
Event: 15.903 Thread 0x000001eab083a3b0 Exception <a 'java/lang/ClassNotFoundException'{0x00000006e42e5d50}: org/gradle/api/internal/project/DefaultProjectBeanInfo> (0x00000006e42e5d50) 
thrown [./open/src/hotspot/share/classfile/systemDictionary.cpp, line 295]
Event: 15.905 Thread 0x000001eab083a3b0 Exception <a 'java/lang/ClassNotFoundException'{0x00000006e42f91a0}: org/gradle/api/internal/project/DefaultProjectCustomizer> (0x00000006e42f91a0) 
thrown [./open/src/hotspot/share/classfile/systemDictionary.cpp, line 295]
Event: 15.912 Thread 0x000001eab083a3b0 Exception <a 'java/lang/ClassNotFoundException'{0x00000006e439f858}: org/gradle/api/internal/project/DefaultProject_DecoratedCustomizer> (0x00000006e439f858) 
thrown [./open/src/hotspot/share/classfile/systemDictionary.cpp, line 295]
Event: 15.989 Thread 0x000001eab083a3b0 Exception <a 'java/lang/IncompatibleClassChangeError'{0x00000006e7d5c620}: Found class java.lang.Object, but interface was expected> (0x00000006e7d5c620) 
thrown [./open/src/hotspot/share/interpreter/linkResolver.cpp, line 848]
Event: 16.070 Thread 0x000001eab083a3b0 Exception <a 'java/lang/ClassNotFoundException'{0x00000006e7f15070}: org/gradle/api/internal/project/DefaultAntBuilderBeanInfo> (0x00000006e7f15070) 
thrown [./open/src/hotspot/share/classfile/systemDictionary.cpp, line 295]
Event: 16.071 Thread 0x000001eab083a3b0 Exception <a 'java/lang/ClassNotFoundException'{0x00000006e7f2a748}: org/gradle/api/internal/project/ant/BasicAntBuilderBeanInfo> (0x00000006e7f2a748) 
thrown [./open/src/hotspot/share/classfile/systemDictionary.cpp, line 295]
Event: 16.072 Thread 0x000001eab083a3b0 Exception <a 'java/lang/ClassNotFoundException'{0x00000006e7f3f4a0}: org/gradle/api/AntBuilderBeanInfo> (0x00000006e7f3f4a0) 
thrown [./open/src/hotspot/share/classfile/systemDictionary.cpp, line 295]
Event: 16.075 Thread 0x000001eab083a3b0 Exception <a 'java/lang/ClassNotFoundException'{0x00000006e7fa3198}: groovy/util/AntBuilderBeanInfo> (0x00000006e7fa3198) 
thrown [./open/src/hotspot/share/classfile/systemDictionary.cpp, line 295]
Event: 16.077 Thread 0x000001eab083a3b0 Exception <a 'java/lang/ClassNotFoundException'{0x00000006e7407448}: groovy/util/BuilderSupportBeanInfo> (0x00000006e7407448) 
thrown [./open/src/hotspot/share/classfile/systemDictionary.cpp, line 295]
Event: 16.079 Thread 0x000001eab083a3b0 Exception <a 'java/lang/ClassNotFoundException'{0x00000006e746be30}: groovy/util/BuilderSupportCustomizer> (0x00000006e746be30) 
thrown [./open/src/hotspot/share/classfile/systemDictionary.cpp, line 295]
Event: 16.081 Thread 0x000001eab083a3b0 Exception <a 'java/lang/ClassNotFoundException'{0x00000006e74d1f60}: groovy/util/AntBuilderCustomizer> (0x00000006e74d1f60) 
thrown [./open/src/hotspot/share/classfile/systemDictionary.cpp, line 295]
Event: 16.082 Thread 0x000001eab083a3b0 Exception <a 'java/lang/ClassNotFoundException'{0x00000006e74ebce8}: org/gradle/api/AntBuilderCustomizer> (0x00000006e74ebce8) 
thrown [./open/src/hotspot/share/classfile/systemDictionary.cpp, line 295]
Event: 16.083 Thread 0x000001eab083a3b0 Exception <a 'java/lang/ClassNotFoundException'{0x00000006e750c9b0}: org/gradle/api/internal/project/ant/BasicAntBuilderCustomizer> (0x00000006e750c9b0) 
thrown [./open/src/hotspot/share/classfile/systemDictionary.cpp, line 295]
Event: 16.086 Thread 0x000001eab083a3b0 Exception <a 'java/lang/ClassNotFoundException'{0x00000006e7534898}: org/gradle/api/internal/project/DefaultAntBuilderCustomizer> (0x00000006e7534898) 
thrown [./open/src/hotspot/share/classfile/systemDictionary.cpp, line 295]
Event: 16.120 Thread 0x000001eab083a3b0 Exception <a 'java/lang/IncompatibleClassChangeError'{0x00000006e76c9a28}: Found class java.lang.Object, but interface was expected> (0x00000006e76c9a28) 
thrown [./open/src/hotspot/share/interpreter/linkResolver.cpp, line 848]
Event: 16.225 Thread 0x000001eab083a3b0 Exception <a 'java/lang/NoSuchMethodError'{0x00000006e507f540}: 'java.lang.Object java.lang.invoke.DirectMethodHandle$Holder.newInvokeSpecial(java.lang.Object, java.lang.Object, java.lang.Object, java.lang.Object, int)'> (0x00000006e507f540) 
thrown [./open/src/hotspot/share/interpreter/linkResolver.cpp, line 782]
Event: 16.225 Thread 0x000001eab083a3b0 Exception <a 'java/lang/NoSuchMethodError'{0x00000006e5084970}: 'java.lang.Object java.lang.invoke.DirectMethodHandle$Holder.invokeSpecial(java.lang.Object, java.lang.Object, java.lang.Object, java.lang.Object, java.lang.Object, int)'> (0x00000006e5084970) 
thrown [./open/src/hotspot/share/interpreter/linkResolver.cpp, line 782]
Event: 16.225 Thread 0x000001eab083a3b0 Exception <a 'java/lang/NoSuchMethodError'{0x00000006e5089848}: 'java.lang.Object java.lang.invoke.Invokers$Holder.linkToTargetMethod(java.lang.Object, java.lang.Object, java.lang.Object, int, java.lang.Object)'> (0x00000006e5089848) 
thrown [./open/src/hotspot/share/interpreter/linkResolver.cpp, line 782]

Events (20 events):
Event: 16.163 loading class javax/management/ListenerNotFoundException done
Event: 16.163 loading class jdk/jfr/Recording
Event: 16.165 loading class jdk/jfr/Recording done
Event: 16.165 loading class jdk/jfr/FlightRecorder
Event: 16.169 loading class jdk/jfr/FlightRecorder done
Event: 16.169 loading class jdk/management/jfr/FlightRecorderMXBeanImpl$MXBeanListener
Event: 16.169 loading class jdk/jfr/FlightRecorderListener
Event: 16.169 loading class jdk/jfr/FlightRecorderListener done
Event: 16.169 loading class jdk/management/jfr/FlightRecorderMXBeanImpl$MXBeanListener done
Event: 16.176 loading class java/time/format/DateTimeFormatterBuilder$WeekBasedFieldPrinterParser
Event: 16.176 loading class java/time/format/DateTimeFormatterBuilder$WeekBasedFieldPrinterParser done
Event: 16.187 loading class com/sun/jmx/mbeanserver/StandardMBeanSupport
Event: 16.187 loading class com/sun/jmx/mbeanserver/StandardMBeanSupport done
Event: 16.187 loading class com/sun/jmx/mbeanserver/StandardMBeanIntrospector
Event: 16.187 loading class com/sun/jmx/mbeanserver/StandardMBeanIntrospector done
Event: 16.223 loading class jdk/internal/reflect/UnsafeStaticIntegerFieldAccessorImpl
Event: 16.223 loading class jdk/internal/reflect/UnsafeStaticIntegerFieldAccessorImpl done
Event: 16.233 Executing VM operation: ICBufferFull
Event: 16.234 Executing VM operation: ICBufferFull done
Event: 16.238 Thread 0x000001eab0dfc070 Thread added: 0x000001eab0dfc070


Dynamic libraries:
0x00007ff69d9a0000 - 0x00007ff69d9af000 	C:\Program Files\Java\jdk-15.0.1\bin\java.exe
0x00007ffe1d590000 - 0x00007ffe1d788000 	C:\WINDOWS\SYSTEM32\ntdll.dll
0x00007ffe1c7d0000 - 0x00007ffe1c88d000 	C:\WINDOWS\System32\KERNEL32.DLL
0x00007ffe1b1e0000 - 0x00007ffe1b4ae000 	C:\WINDOWS\System32\KERNELBASE.dll
0x00007ffe1af30000 - 0x00007ffe1b030000 	C:\WINDOWS\System32\ucrtbase.dll
0x00007ffe0d810000 - 0x00007ffe0d829000 	C:\Program Files\Java\jdk-15.0.1\bin\VCRUNTIME140.dll
0x00007ffe0b280000 - 0x00007ffe0b298000 	C:\Program Files\Java\jdk-15.0.1\bin\jli.dll
0x00007ffe1c540000 - 0x00007ffe1c5ee000 	C:\WINDOWS\System32\ADVAPI32.dll
0x00007ffe1cdb0000 - 0x00007ffe1ce4e000 	C:\WINDOWS\System32\msvcrt.dll
0x00007ffe1ceb0000 - 0x00007ffe1cf4c000 	C:\WINDOWS\System32\sechost.dll
0x00007ffe1c360000 - 0x00007ffe1c485000 	C:\WINDOWS\System32\RPCRT4.dll
0x00007ffe1c8c0000 - 0x00007ffe1ca60000 	C:\WINDOWS\System32\USER32.dll
0x00007ffe1b4b0000 - 0x00007ffe1b4d2000 	C:\WINDOWS\System32\win32u.dll
0x00007ffe1c6a0000 - 0x00007ffe1c6ca000 	C:\WINDOWS\System32\GDI32.dll
0x00007ffe1b4e0000 - 0x00007ffe1b5eb000 	C:\WINDOWS\System32\gdi32full.dll
0x00007ffe1a0c0000 - 0x00007ffe1a35a000 	C:\WINDOWS\WinSxS\amd64_microsoft.windows.common-controls_6595b64144ccf1df_6.0.19041.1110_none_60b5254171f9507e\COMCTL32.dll
0x00007ffe1b140000 - 0x00007ffe1b1dd000 	C:\WINDOWS\System32\msvcp_win.dll
0x00007ffe13140000 - 0x00007ffe1314a000 	C:\WINDOWS\SYSTEM32\VERSION.dll
0x00007ffe1c890000 - 0x00007ffe1c8c0000 	C:\WINDOWS\System32\IMM32.DLL
0x00007ffe14b80000 - 0x00007ffe14b8c000 	C:\Program Files\Java\jdk-15.0.1\bin\vcruntime140_1.dll
0x00007ffdf5b80000 - 0x00007ffdf5c11000 	C:\Program Files\Java\jdk-15.0.1\bin\msvcp140.dll
0x00007ffdd6e60000 - 0x00007ffdd79be000 	C:\Program Files\Java\jdk-15.0.1\bin\server\jvm.dll
0x00007ffe1cf50000 - 0x00007ffe1cf58000 	C:\WINDOWS\System32\PSAPI.DLL
0x00007ffe03a80000 - 0x00007ffe03aa7000 	C:\WINDOWS\SYSTEM32\WINMM.dll
0x00007ffe13b90000 - 0x00007ffe13b99000 	C:\WINDOWS\SYSTEM32\WSOCK32.dll
0x00007ffe1c760000 - 0x00007ffe1c7cb000 	C:\WINDOWS\System32\WS2_32.dll
0x00007ffe18560000 - 0x00007ffe18572000 	C:\WINDOWS\SYSTEM32\kernel.appcore.dll
0x00007ffe13340000 - 0x00007ffe1334a000 	C:\Program Files\Java\jdk-15.0.1\bin\jimage.dll
0x00007ffe1a660000 - 0x00007ffe1a844000 	C:\WINDOWS\SYSTEM32\DBGHELP.DLL
0x00007ffe1a490000 - 0x00007ffe1a4bc000 	C:\WINDOWS\SYSTEM32\dbgcore.DLL
0x00007ffe1b080000 - 0x00007ffe1b102000 	C:\WINDOWS\System32\bcryptPrimitives.dll
0x00007ffdf8010000 - 0x00007ffdf8035000 	C:\Program Files\Java\jdk-15.0.1\bin\java.dll
0x00007ffe1ba60000 - 0x00007ffe1c1a4000 	C:\WINDOWS\System32\SHELL32.dll
0x00007ffe18760000 - 0x00007ffe18ef4000 	C:\WINDOWS\SYSTEM32\windows.storage.dll
0x00007ffe1d090000 - 0x00007ffe1d3e4000 	C:\WINDOWS\System32\combase.dll
0x00007ffe1a020000 - 0x00007ffe1a050000 	C:\WINDOWS\SYSTEM32\Wldp.dll
0x00007ffe1c490000 - 0x00007ffe1c53d000 	C:\WINDOWS\System32\SHCORE.dll
0x00007ffe1c6d0000 - 0x00007ffe1c725000 	C:\WINDOWS\System32\shlwapi.dll
0x00007ffe1abf0000 - 0x00007ffe1ac0f000 	C:\WINDOWS\SYSTEM32\profapi.dll
0x00007ffe006e0000 - 0x00007ffe006f9000 	C:\Program Files\Java\jdk-15.0.1\bin\net.dll
0x00007ffe0ce80000 - 0x00007ffe0cf8a000 	C:\WINDOWS\SYSTEM32\WINHTTP.dll
0x00007ffe19ef0000 - 0x00007ffe19f5a000 	C:\WINDOWS\system32\mswsock.dll
0x00007ffdfe8a0000 - 0x00007ffdfe8b2000 	C:\Program Files\Java\jdk-15.0.1\bin\nio.dll
0x00007ffdfe410000 - 0x00007ffdfe428000 	C:\Program Files\Java\jdk-15.0.1\bin\zip.dll
0x00007ffe0b7d0000 - 0x00007ffe0b7e0000 	C:\Program Files\Java\jdk-15.0.1\bin\verify.dll
0x00007ffe0b1d0000 - 0x00007ffe0b1f7000 	C:\Users\ACER\.gradle\native\e1d6ef7f7dcc3fd88c89a11ec53ec762bb8ba0a96d01ffa2cd45eb1d1d8dd5c5\windows-amd64\native-platform.dll
0x00007ffde5d50000 - 0x00007ffde5e94000 	C:\Users\ACER\.gradle\native\5664cfc778a61ccfe75a443a1ab52a65af34e5dc3c78e0209fed803814484fcb\windows-amd64\native-platform-file-events.dll
0x00007ffe0a860000 - 0x00007ffe0a869000 	C:\Program Files\Java\jdk-15.0.1\bin\management.dll
0x00007ffe06830000 - 0x00007ffe0683b000 	C:\Program Files\Java\jdk-15.0.1\bin\management_ext.dll
0x00007ffe1aa40000 - 0x00007ffe1aa58000 	C:\WINDOWS\SYSTEM32\CRYPTSP.dll
0x00007ffe19720000 - 0x00007ffe19754000 	C:\WINDOWS\system32\rsaenh.dll
0x00007ffe1b110000 - 0x00007ffe1b137000 	C:\WINDOWS\System32\bcrypt.dll
0x00007ffe1abb0000 - 0x00007ffe1abde000 	C:\WINDOWS\SYSTEM32\USERENV.dll
0x00007ffe19fe0000 - 0x00007ffe19fec000 	C:\WINDOWS\SYSTEM32\CRYPTBASE.dll
0x00007ffe19a70000 - 0x00007ffe19aab000 	C:\WINDOWS\SYSTEM32\IPHLPAPI.DLL
0x00007ffe1c730000 - 0x00007ffe1c738000 	C:\WINDOWS\System32\NSI.dll
0x00007ffe13150000 - 0x00007ffe13167000 	C:\WINDOWS\SYSTEM32\dhcpcsvc6.DLL
0x00007ffe130d0000 - 0x00007ffe130ed000 	C:\WINDOWS\SYSTEM32\dhcpcsvc.DLL
0x00007ffe19ab0000 - 0x00007ffe19b7b000 	C:\WINDOWS\SYSTEM32\DNSAPI.dll

dbghelp: loaded successfully - version: 4.0.5 - missing functions: none
symbol engine: initialized successfully - sym options: 0x614 - pdb path: .;C:\Program Files\Java\jdk-15.0.1\bin;C:\WINDOWS\SYSTEM32;C:\WINDOWS\WinSxS\amd64_microsoft.windows.common-controls_6595b64144ccf1df_6.0.19041.1110_none_60b5254171f9507e;C:\Program Files\Java\jdk-15.0.1\bin\server;C:\Users\ACER\.gradle\native\e1d6ef7f7dcc3fd88c89a11ec53ec762bb8ba0a96d01ffa2cd45eb1d1d8dd5c5\windows-amd64;C:\Users\ACER\.gradle\native\5664cfc778a61ccfe75a443a1ab52a65af34e5dc3c78e0209fed803814484fcb\windows-amd64

VM Arguments:
jvm_args: --add-opens=java.base/java.util=ALL-UNNAMED --add-opens=java.base/java.lang=ALL-UNNAMED --add-opens=java.base/java.lang.invoke=ALL-UNNAMED --add-opens=java.base/java.util=ALL-UNNAMED --add-opens=java.prefs/java.util.prefs=ALL-UNNAMED --add-opens=java.prefs/java.util.prefs=ALL-UNNAMED --add-opens=java.base/java.nio.charset=ALL-UNNAMED --add-opens=java.base/java.net=ALL-UNNAMED --add-opens=java.base/java.util.concurrent.atomic=ALL-UNNAMED -Xmx4608m -Dfile.encoding=windows-1252 -Duser.country=US -Duser.language=en -Duser.variant 
java_command: org.gradle.launcher.daemon.bootstrap.GradleDaemon 7.3.3
java_class_path (initial): C:\Users\ACER\.gradle\wrapper\dists\gradle-7.3.3-all\4295vidhdd9hd3gbjyw1xqxpo\gradle-7.3.3\lib\gradle-launcher-7.3.3.jar
Launcher Type: SUN_STANDARD

[Global flags]
     intx CICompilerCount                          = 4                                         {product} {ergonomic}
     uint ConcGCThreads                            = 2                                         {product} {ergonomic}
     uint G1ConcRefinementThreads                  = 8                                         {product} {ergonomic}
   size_t G1HeapRegionSize                         = 4194304                                   {product} {ergonomic}
    uintx GCDrainStackTargetSize                   = 64                                        {product} {ergonomic}
   size_t InitialHeapSize                          = 134217728                                 {product} {ergonomic}
   size_t MarkStackSize                            = 4194304                                   {product} {ergonomic}
   size_t MaxHeapSize                              = 4831838208                                {product} {command line}
   size_t MaxNewSize                               = 2898264064                                {product} {ergonomic}
   size_t MinHeapDeltaBytes                        = 4194304                                   {product} {ergonomic}
   size_t MinHeapSize                              = 8388608                                   {product} {ergonomic}
    uintx NonNMethodCodeHeapSize                   = 5839372                                {pd product} {ergonomic}
    uintx NonProfiledCodeHeapSize                  = 122909434                              {pd product} {ergonomic}
    uintx ProfiledCodeHeapSize                     = 122909434                              {pd product} {ergonomic}
    uintx ReservedCodeCacheSize                    = 251658240                              {pd product} {ergonomic}
     bool SegmentedCodeCache                       = true                                      {product} {ergonomic}
   size_t SoftMaxHeapSize                          = 4831838208                             {manageable} {ergonomic}
     bool UseCompressedClassPointers               = true                                 {lp64_product} {ergonomic}
     bool UseCompressedOops                        = true                                 {lp64_product} {ergonomic}
     bool UseG1GC                                  = true                                      {product} {ergonomic}
     bool UseLargePagesIndividualAllocation        = false                                  {pd product} {ergonomic}

Logging:
Log output configuration:
 #0: stdout all=warning uptime,level,tags
 #1: stderr all=off uptime,level,tags

Environment Variables:
JAVA_HOME=C:\Program Files\Java\jdk-15.0.1
CLASSPATH=D:\Mobile Project\MusicApp\android\\gradle\wrapper\gradle-wrapper.jar
PATH=D:\Mobile Project\MusicApp\android\node_modules\.bin;D:\Mobile Project\MusicApp\node_modules\.bin;D:\Mobile Project\node_modules\.bin;D:\node_modules\.bin;C:\Program Files\nodejs;C:\Python39\Scripts\;C:\Python39\;C:\Windows\system32;C:\Windows;C:\Windows\System32\Wbem;C:\Windows\System32\WindowsPowerShell\v1.0\;C:\Windows\System32\OpenSSH\;C:\Program Files (x86)\NVIDIA Corporation\PhysX\Common;C:\Program Files\NVIDIA Corporation\NVIDIA NvDLISR;C:\WINDOWS\system32;C:\WINDOWS;C:\WINDOWS\System32\Wbem;C:\WINDOWS\System32\WindowsPowerShell\v1.0\;C:\WINDOWS\System32\OpenSSH\;C:\Program Files\nodejs;C:\ProgramData\chocolatey\bin;C:\Program Files\sdk\platforms;C:\Program Files\Java\jdk-15.0.1\bin;D:\Git\cmd;C:\Program Files\nodejs\;C:\Users\ACER\AppData\Local\Microsoft\WindowsApps;C:\Users\ACER\AppData\Local\Android\Sdk\platform-tools;C:\Users\ACER\AppData\Local\Programs\Microsoft VS Code\bin;C:\Users\ACER\AppData\Roaming\npm
USERNAME=ACER
OS=Windows_NT
PROCESSOR_IDENTIFIER=Intel64 Family 6 Model 158 Stepping 13, GenuineIntel



---------------  S Y S T E M  ---------------

OS:
 Windows 10 , 64 bit Build 19041 (10.0.19041.1806)
OS uptime: 8 days 22:31 hours

CPU: total 8 (initial active 8) (4 cores per cpu, 2 threads per core) family 6 model 158 stepping 13 microcode 0xb8, cmov, cx8, fxsr, mmx, sse, sse2, sse3, ssse3, sse4.1, sse4.2, popcnt, vzeroupper, avx, avx2, aes, clmul, erms, 3dnowpref, lzcnt, ht, tsc, tscinvbit, bmi1, bmi2, adx, fma, clflush, clflushopt

Memory: 4k page, system-wide physical 8034M (47M free)
TotalPageFile size 20322M (AvailPageFile size 0M)
current process WorkingSet (physical memory assigned to process): 252M, peak: 252M
current process commit charge ("private bytes"): 313M, peak: 314M

vm_info: Java HotSpot(TM) 64-Bit Server VM (15.0.1+9-18) for windows-amd64 JRE (15.0.1+9-18), built on Sep 15 2020 14:43:54 by "mach5one" with unknown MS VC++:1925

END.
